MariaDB [z1811673]> \. assign7.sql
Query OK, 0 rows affected, 1 warning (0.01 sec)

Query OK, 0 rows affected, 1 warning (0.00 sec)

Query OK, 0 rows affected (0.33 sec)

Query OK, 5 rows affected (0.07 sec)
Records: 5  Duplicates: 0  Warnings: 0

+---------+-----------+-----------+
| OwnerID | FirstName | LastName  |
+---------+-----------+-----------+
|       1 | Jon       | Snow      |
|       2 | Arya      | Stark     |
|       3 | Bran      | Stark     |
|       4 | Jaime     | Lannister |
|       5 | Tyrion    | Lannister |
+---------+-----------+-----------+
5 rows in set (0.14 sec)

Query OK, 0 rows affected (0.58 sec)

Query OK, 6 rows affected (0.07 sec)
Records: 6  Duplicates: 0  Warnings: 0

+-------+---------+---------+----------+
| PetID | OwnerID | PetName | PetDOB   |
+-------+---------+---------+----------+
|     1 |       1 | Drogon  | 03/21/12 |
|     2 |       5 | Sansa   | 07/21/15 |
|     3 |       1 | Dany    | 12/30/00 |
|     4 |       2 | Ned     | 01/03/17 |
|     5 |       3 | Robb    | 02/22/18 |
|     6 |       4 | Joffrey | 09/5/11  |
+-------+---------+---------+----------+
6 rows in set (0.05 sec)

Query OK, 0 rows affected (0.60 sec)
Records: 0  Duplicates: 0  Warnings: 0

Query OK, 1 row affected (0.02 sec)
Rows matched: 1  Changed: 1  Warnings: 0

Query OK, 1 row affected (0.02 sec)
Rows matched: 1  Changed: 1  Warnings: 0

Query OK, 1 row affected (0.01 sec)
Rows matched: 1  Changed: 1  Warnings: 0

Query OK, 1 row affected (0.02 sec)
Rows matched: 1  Changed: 1  Warnings: 0

Query OK, 1 row affected (0.09 sec)
Rows matched: 1  Changed: 1  Warnings: 0

Query OK, 0 rows affected (0.93 sec)
Records: 0  Duplicates: 0  Warnings: 0

Query OK, 0 rows affected (1.07 sec)
Records: 0  Duplicates: 0  Warnings: 0

+-------+---------+---------+----------+--------+
| PetID | OwnerID | PetName | PetType  | PetDOB |
+-------+---------+---------+----------+--------+
|     1 |       1 | Drogon  | Dog      | NULL   |
|     2 |       5 | Sansa   | Direwolf | NULL   |
|     3 |       1 | Dany    | Dragon   | NULL   |
|     4 |       2 | Ned     | Cat      | NULL   |
|     5 |       3 | Robb    | Fish     | NULL   |
|     6 |       4 | Joffrey | NULL     | NULL   |
+-------+---------+---------+----------+--------+
6 rows in set (0.00 sec)

Query OK, 0 rows affected (0.10 sec)

+-----------+-----------+---------+
| FirstName | LastName  | PetName |
+-----------+-----------+---------+
| Jon       | Snow      | Drogon  |
| Tyrion    | Lannister | Sansa   |
| Jon       | Snow      | Dany    |
| Arya      | Stark     | Ned     |
| Bran      | Stark     | Robb    |
| Jaime     | Lannister | Joffrey |
+-----------+-----------+---------+
6 rows in set (0.00 sec)

MariaDB [z1811673]> \t
