MariaDB [z1811673]> \. assign6.sql
+----------+-----------------+--------------+-------------+
| LastName | FirstName       | BoatName     | BoatType    |
+----------+-----------------+--------------+-------------+
| Adney    | Bruce and Doris | Anderson II  | Sprite 4000 |
| Adney    | Bruce and Doris | Bravo        | Dolphin 25  |
| Anderson | Bill            | Our Toy      | Ray 4025    |
| Blake    | Mary Jane       | Krispy       | Ray 4025    |
| Blake    | Mary Jane       | Escape       | Sprite 4000 |
| Elend    | Mary and Bill   | Anderson III | Sprite 3000 |
| Feenstra | Daniel          | Gypsy        | Dolphin 28  |
| Feenstra | Daniel          | Axxon II     | Dolphin 40  |
| Juarez   | Maria           | Axxon IV     | Dolphin 40  |
| Kelly    | Alyssa          | Chinook      | Dolphin 22  |
| Smeltz   | Becky and Dave  | Karvel       | Ray 4025    |
| Smith    | Peter           | Mermaid      | Dolphin 28  |
| Trent    | Ashton          | Listy        | Dolphin 25  |
+----------+-----------------+--------------+-------------+
13 rows in set (0.00 sec)

+-----------------+------------+
| FirstName       | NumOfBoats |
+-----------------+------------+
| Bruce and Doris |          2 |
| Mary Jane       |          2 |
| Daniel          |          2 |
+-----------------+------------+
3 rows in set (0.00 sec)

+----------+---------------------------------------------------------------------------------------------------------+
| LastName | Description                                                                                             |
+----------+---------------------------------------------------------------------------------------------------------+
| Blake    | Canvas leaks around zippers in heavy rain. Install overlap around zippers to prevent leaks.             |
| Adney    | Air conditioner periodically stops with code indicating low coolant level. Diagnose and repair.         |
| Elend    | Fuse on port motor blown on two occasions. Diagnose and repair.                                         |
| Feenstra | Oil change and general routine maintenance (check fluid levels, clean sea strainers etc.).              |
| Adney    | Engine oil level has been dropping drastically. Diagnose and repair.                                    |
| Juarez   | Air conditioning unit shuts down with HHH showing on the control panel.                                 |
| Smeltz   | Electric-flush system periodically stops functioning. Diagnose and repair.                              |
| Adney    | Engine overheating. Loss of coolant. Diagnose and repair.                                               |
| Adney    | Heat exchanger not operating correctly.                                                                 |
| Kelly    | Canvas severely damaged in windstorm. Order and install new canvas.                                     |
| Anderson | Install new GPS and chart plotter.                                                                      |
| Anderson | Air conditioning unit shuts down with HHH showing on the control panel.                                 |
| Feenstra | Both speed and depth readings on data unit are significantly less than the owner thinks they should be. |
| Trent    | Customer describes engine as making a clattering sound.                                                 |
| Kelly    | Owner accident caused damage to forward portion of port side.                                           |
| Smeltz   | Canvas leaks around zippers in heavy rain. Install overlap around zippers to prevent leaks.             |
+----------+---------------------------------------------------------------------------------------------------------+
16 rows in set (0.00 sec)

+----------------------------+------------+
| CategoryDescription        | NumRequest |
+----------------------------+------------+
| Engine repair              |          2 |
| Air conditioning           |          2 |
| Routine engine maintenance |          2 |
| Electrical systems         |          1 |
| Engine repair              |          2 |
| Fiberglass repair          |          2 |
| Engine repair              |          1 |
| Electrical systems         |          2 |
| Air conditioning           |          1 |
| Canvas repair              |          1 |
+----------------------------+------------+
10 rows in set (0.00 sec)

+-----------------+----------+-------------+-------+-------------------+
| FirstName       | LastName | City        | State | Name              |
+-----------------+----------+-------------+-------+-------------------+
| Ashton          | Trent    | Bay Shores  | FL    | Alexamara Central |
| Bruce and Doris | Adney    | Bowton      | FL    | Alexamara East    |
| Bruce and Doris | Adney    | Bowton      | FL    | Alexamara Central |
| Mary Jane       | Blake    | Bowton      | FL    | Alexamara South   |
| Alyssa          | Kelly    | Bowton      | FL    | Alexamara Central |
| Mary Jane       | Blake    | Bowton      | FL    | Alexamara East    |
| Becky and Dave  | Smeltz   | Glander Bay | FL    | Alexamara Central |
| Bill            | Anderson | Glander Bay | FL    | Alexamara East    |
| Daniel          | Feenstra | Kaleva      | FL    | Alexamara East    |
| Daniel          | Feenstra | Kaleva      | FL    | Alexamara Central |
| Peter           | Smith    | Lewiston    | FL    | Alexamara Central |
| Mary and Bill   | Elend    | Rivard      | FL    | Alexamara East    |
| Maria           | Juarez   | Rivard      | FL    | Alexamara South   |
+-----------------+----------+-------------+-------+-------------------+
13 rows in set (0.00 sec)

+-------------------+----------+
| Name              | Amount   |
+-------------------+----------+
| Alexamara Central | 16500.00 |
| Alexamara East    | 16200.00 |
| Alexamara South   |  8400.00 |
+-------------------+----------+
3 rows in set (0.00 sec)

+----+-----------+-------------+------------+
| ID | HoursSaid | HoursWorked | Difference |
+----+-----------+-------------+------------+
|  1 |      8.00 |        3.00 |       5.00 |
|  2 |      4.00 |        2.00 |       2.00 |
|  3 |      2.00 |        0.00 |       2.00 |
|  4 |      1.00 |        0.00 |       1.00 |
|  5 |      2.00 |        0.00 |       2.00 |
|  6 |      1.00 |        1.00 |       0.00 |
|  7 |      3.00 |        0.00 |       3.00 |
|  8 |      2.00 |        0.00 |       2.00 |
|  9 |      4.00 |        1.00 |       3.00 |
| 10 |      8.00 |        0.00 |       8.00 |
| 11 |      7.00 |        0.00 |       7.00 |
| 12 |      1.00 |        1.00 |       0.00 |
| 13 |      2.00 |        0.00 |       2.00 |
| 14 |      5.00 |        2.00 |       3.00 |
| 15 |      6.00 |        0.00 |       6.00 |
| 16 |      8.00 |        3.00 |       5.00 |
+----+-----------+-------------+------------+
16 rows in set (0.00 sec)

+----------+--------------+
| LastName | BoatName     |
+----------+--------------+
| Feenstra | Gypsy        |
| Elend    | Anderson III |
| Adney    | Bravo        |
| Kelly    | Chinook      |
| Trent    | Listy        |
| Smith    | Mermaid      |
+----------+--------------+
6 rows in set (0.00 sec)

+--------------+-----------------+
| BoatName     | NextServiceDate |
+--------------+-----------------+
| Krispy       | 2013-07-17      |
| Anderson II  | 2013-07-12      |
| Anderson III | 2013-07-12      |
| Gypsy        | 2013-07-16      |
| Anderson II  | 2013-07-13      |
| Axxon IV     | 2020-12-31      |
| Karvel       | 2020-12-31      |
| Bravo        | 2013-07-13      |
| Bravo        | 2013-07-17      |
| Chinook      | 2013-07-16      |
| Our Toy      | 2013-07-17      |
| Our Toy      | 2020-12-31      |
| Gypsy        | 2013-07-16      |
| Listy        | 2013-07-12      |
| Chinook      | 2013-07-13      |
| Karvel       | 2013-07-17      |
+--------------+-----------------+
16 rows in set (0.00 sec)

+--------------+----------+---------+-------------------+
| BoatName     | LastName | SlipNUm | Name              |
+--------------+----------+---------+-------------------+
| Anderson II  | Adney    | A1      | Alexamara East    |
| Anderson III | Elend    | B2      | Alexamara East    |
| Axxon II     | Feenstra | 5       | Alexamara Central |
| Axxon IV     | Juarez   | C1      | Alexamara South   |
| Bravo        | Adney    | 1       | Alexamara Central |
| Chinook      | Kelly    | 2       | Alexamara Central |
| Escape       | Blake    | A3      | Alexamara East    |
| Gypsy        | Feenstra | B1      | Alexamara East    |
| Karvel       | Smeltz   | 6       | Alexamara Central |
| Krispy       | Blake    | C2      | Alexamara South   |
| Listy        | Trent    | 3       | Alexamara Central |
| Mermaid      | Smith    | 4       | Alexamara Central |
| Our Toy      | Anderson | A2      | Alexamara East    |
+--------------+----------+---------+-------------------+
13 rows in set (0.00 sec)

MariaDB [z1811673]> \t
